[Thu, 08 Nov 2012 18:18:32 GMT] INFO Server starting with config: {
  "environment": "development",
  "workers": 1,
  "port": 4000,
  "debug": true,
  "rotateWorkers": false,
  "rotationWindow": 7200000,
  "rotationTimeout": 300000,
  "logDir": "/home/aldo/testing_geddy/log",
  "gracefulShutdownTimeout": 30000,
  "heartbeatInterval": 5000,
  "heartbeatWindow": 20000,
  "staticFilePath": "/home/aldo/testing_geddy/public",
  "sessions": {
    "store": "memory",
    "key": "sid",
    "expiry": 1209600
  },
  "cookieSessionKey": "sdata",
  "metrics": null,
  "i18n": {
    "defaultLocale": "en-us",
    "loadPaths": [
      "/home/aldo/testing_geddy/config/locales"
    ]
  },
  "spdy": null,
  "ssl": null,
  "hostname": null,
  "connectCompatibility": false,
  "detailedErrors": true,
  "model": {
    "defaultAdapter": "memory"
  }
}
[Thu, 08 Nov 2012 18:18:32 GMT] INFO Creating 1 worker process.
[Thu, 08 Nov 2012 18:18:32 GMT] INFO Server worker running in development on port 4000 with a PID of: 8688
[Thu, 08 Nov 2012 18:18:32 GMT] DEBUG LOGGING STARTED ============================================
[Thu, 08 Nov 2012 18:18:32 GMT] DEBUG ============================================================
[Thu, 08 Nov 2012 18:26:13 GMT] INFO Code changed, killing 8688, cycling ...
[Thu, 08 Nov 2012 18:26:13 GMT] INFO Creating 1 worker process.
[Thu, 08 Nov 2012 18:26:13 GMT] INFO Code changed, killing 8835, cycling ...
[Thu, 08 Nov 2012 18:26:13 GMT] INFO Creating 1 worker process.
[Thu, 08 Nov 2012 18:26:13 GMT] INFO Code changed, killing 8836, cycling ...
[Thu, 08 Nov 2012 18:26:13 GMT] INFO Creating 1 worker process.
[Thu, 08 Nov 2012 18:26:13 GMT] INFO Code changed, killing 8838, cycling ...
[Thu, 08 Nov 2012 18:26:13 GMT] INFO Creating 1 worker process.
[Thu, 08 Nov 2012 18:26:13 GMT] INFO Code changed, killing 8840, cycling ...
[Thu, 08 Nov 2012 18:26:13 GMT] INFO Creating 1 worker process.
